<?xml version="1.0" encoding="UTF-8"?>
<!-- Generated by org.testng.reporters.JUnitXMLReporter -->
<testsuite ignored="0" hostname="DESKTOP-I0292P0" failures="0" tests="2" name="Smoke Tests" time="11.145" errors="0" timestamp="2025-10-20T14:02:31 PDT">
  <testcase classname="com.itg.training.lancome.FirstSeleniumTest" name="verifyLogo" time="0.123"/>
  <testcase classname="com.itg.training.lancome.FirstSeleniumTest" name="clickAccountIconAndVerifyWelcome" time="3.449"/>
</testsuite> <!-- Smoke Tests -->
