<?xml version="1.0" encoding="UTF-8"?>
<testng-results ignored="0" total="6" passed="3" failed="1" skipped="2">
  <reporter-output>
  </reporter-output>
  <suite started-at="2025-10-23T11:22:41 AKDT" name="Lancome Selenium Suite" finished-at="2025-10-23T11:22:58 AKDT" duration-ms="17071">
    <groups>
    </groups>
    <test started-at="2025-10-23T11:22:41 AKDT" name="Smoke Tests" finished-at="2025-10-23T11:22:58 AKDT" duration-ms="17071">
      <class name="com.itg.training.lancome.FirstSeleniumTest">
        <test-method is-config="true" signature="setup(java.lang.String,java.lang.String)[pri:0, instance:com.itg.training.lancome.FirstSeleniumTest@327514f]" started-at="2025-10-23T11:22:41 AKDT" name="setup" finished-at="2025-10-23T11:22:52 AKDT" duration-ms="10657" status="PASS">
          <params>
            <param index="0">
              <value>
                <![CDATA[C:\\Drivers\\chromedriver.exe]]>
              </value>
            </param>
            <param index="1">
              <value>
                <![CDATA[https://certwcs.ballarddesigns.com/?aka_bypass=5C73514EE7A609054D81DE61DD9CA3D6]]>
              </value>
            </param>
          </params>
          <reporter-output>
          </reporter-output>
        </test-method> <!-- setup -->
        <test-method signature="verifyLogo()[pri:1, instance:com.itg.training.lancome.FirstSeleniumTest@327514f]" started-at="2025-10-23T11:22:52 AKDT" name="verifyLogo" finished-at="2025-10-23T11:22:52 AKDT" duration-ms="147" status="PASS">
          <reporter-output>
          </reporter-output>
        </test-method> <!-- verifyLogo -->
        <test-method signature="clickSignInRegister()[pri:2, instance:com.itg.training.lancome.FirstSeleniumTest@327514f]" started-at="2025-10-23T11:22:52 AKDT" name="clickSignInRegister" finished-at="2025-10-23T11:22:56 AKDT" duration-ms="4379" status="PASS">
          <reporter-output>
          </reporter-output>
        </test-method> <!-- clickSignInRegister -->
        <test-method signature="verifyWelcomeMessage()[pri:3, instance:com.itg.training.lancome.FirstSeleniumTest@327514f]" started-at="2025-10-23T11:22:56 AKDT" name="verifyWelcomeMessage" finished-at="2025-10-23T11:22:56 AKDT" depends-on-methods="com.itg.training.lancome.FirstSeleniumTest.clickSignInRegister" duration-ms="76" status="PASS">
          <reporter-output>
          </reporter-output>
        </test-method> <!-- verifyWelcomeMessage -->
        <test-method signature="loginWithValidCredentials()[pri:4, instance:com.itg.training.lancome.FirstSeleniumTest@327514f]" started-at="2025-10-23T11:22:56 AKDT" name="loginWithValidCredentials" finished-at="2025-10-23T11:22:57 AKDT" duration-ms="335" status="FAIL">
          <exception class="java.lang.AssertionError">
            <message>
              <![CDATA[Login test failed!]]>
            </message>
            <full-stacktrace>
              <![CDATA[java.lang.AssertionError: Login test failed!
at org.testng.Assert.fail(Assert.java:111)
at com.itg.training.lancome.FirstSeleniumTest.loginWithValidCredentials(FirstSeleniumTest.java:70)
at java.base/jdk.internal.reflect.DirectMethodHandleAccessor.invoke(DirectMethodHandleAccessor.java:103)
at java.base/java.lang.reflect.Method.invoke(Method.java:580)
at org.testng.internal.invokers.MethodInvocationHelper.invokeMethod(MethodInvocationHelper.java:141)
at org.testng.internal.invokers.TestInvoker.invokeMethod(TestInvoker.java:686)
at org.testng.internal.invokers.TestInvoker.invokeTestMethod(TestInvoker.java:230)
at org.testng.internal.invokers.MethodRunner.runInSequence(MethodRunner.java:63)
at org.testng.internal.invokers.TestInvoker$MethodInvocationAgent.invoke(TestInvoker.java:992)
at org.testng.internal.invokers.TestInvoker.invokeTestMethods(TestInvoker.java:203)
at org.testng.internal.invokers.TestMethodWorker.invokeTestMethods(TestMethodWorker.java:154)
at org.testng.internal.invokers.TestMethodWorker.run(TestMethodWorker.java:134)
at java.base/java.util.ArrayList.forEach(ArrayList.java:1596)
at org.testng.TestRunner.privateRun(TestRunner.java:739)
at org.testng.TestRunner.run(TestRunner.java:614)
at org.testng.SuiteRunner.runTest(SuiteRunner.java:421)
at org.testng.SuiteRunner.runSequentially(SuiteRunner.java:413)
at org.testng.SuiteRunner.privateRun(SuiteRunner.java:373)
at org.testng.SuiteRunner.run(SuiteRunner.java:312)
at org.testng.SuiteRunnerWorker.runSuite(SuiteRunnerWorker.java:52)
at org.testng.SuiteRunnerWorker.run(SuiteRunnerWorker.java:95)
at org.testng.TestNG.runSuitesSequentially(TestNG.java:1274)
at org.testng.TestNG.runSuitesLocally(TestNG.java:1208)
at org.testng.TestNG.runSuites(TestNG.java:1112)
at org.testng.TestNG.run(TestNG.java:1079)
at org.testng.remote.AbstractRemoteTestNG.run(AbstractRemoteTestNG.java:115)
at org.testng.remote.RemoteTestNG.initAndRun(RemoteTestNG.java:293)
at org.testng.remote.RemoteTestNG.main(RemoteTestNG.java:91)
]]>
            </full-stacktrace>
          </exception> <!-- java.lang.AssertionError -->
          <reporter-output>
          </reporter-output>
        </test-method> <!-- loginWithValidCredentials -->
        <test-method signature="verifyUserLoggedIn()[pri:5, instance:com.itg.training.lancome.FirstSeleniumTest@327514f]" started-at="2025-10-23T11:22:57 AKDT" name="verifyUserLoggedIn" finished-at="2025-10-23T11:22:57 AKDT" depends-on-methods="com.itg.training.lancome.FirstSeleniumTest.loginWithValidCredentials" duration-ms="0" status="SKIP">
          <exception class="java.lang.Throwable">
            <message>
              <![CDATA[Method com.itg.training.lancome.FirstSeleniumTest.verifyUserLoggedIn() on instance com.itg.training.lancome.FirstSeleniumTest@327514f depends on not successfully finished methods 
[com.itg.training.lancome.FirstSeleniumTest.loginWithValidCredentials() on instance com.itg.training.lancome.FirstSeleniumTest@327514f]]]>
            </message>
            <full-stacktrace>
              <![CDATA[java.lang.Throwable: Method com.itg.training.lancome.FirstSeleniumTest.verifyUserLoggedIn() on instance com.itg.training.lancome.FirstSeleniumTest@327514f depends on not successfully finished methods 
[com.itg.training.lancome.FirstSeleniumTest.loginWithValidCredentials() on instance com.itg.training.lancome.FirstSeleniumTest@327514f]
at org.testng.internal.invokers.TestInvoker.invokeTestMethods(TestInvoker.java:159)
at org.testng.internal.invokers.TestMethodWorker.invokeTestMethods(TestMethodWorker.java:154)
at org.testng.internal.invokers.TestMethodWorker.run(TestMethodWorker.java:134)
at java.base/java.util.ArrayList.forEach(ArrayList.java:1596)
at org.testng.TestRunner.privateRun(TestRunner.java:739)
at org.testng.TestRunner.run(TestRunner.java:614)
at org.testng.SuiteRunner.runTest(SuiteRunner.java:421)
at org.testng.SuiteRunner.runSequentially(SuiteRunner.java:413)
at org.testng.SuiteRunner.privateRun(SuiteRunner.java:373)
at org.testng.SuiteRunner.run(SuiteRunner.java:312)
at org.testng.SuiteRunnerWorker.runSuite(SuiteRunnerWorker.java:52)
at org.testng.SuiteRunnerWorker.run(SuiteRunnerWorker.java:95)
at org.testng.TestNG.runSuitesSequentially(TestNG.java:1274)
at org.testng.TestNG.runSuitesLocally(TestNG.java:1208)
at org.testng.TestNG.runSuites(TestNG.java:1112)
at org.testng.TestNG.run(TestNG.java:1079)
at org.testng.remote.AbstractRemoteTestNG.run(AbstractRemoteTestNG.java:115)
at org.testng.remote.RemoteTestNG.initAndRun(RemoteTestNG.java:293)
at org.testng.remote.RemoteTestNG.main(RemoteTestNG.java:91)
]]>
            </full-stacktrace>
          </exception> <!-- java.lang.Throwable -->
          <reporter-output>
          </reporter-output>
        </test-method> <!-- verifyUserLoggedIn -->
        <test-method signature="verifyAccountWelcomeText()[pri:6, instance:com.itg.training.lancome.FirstSeleniumTest@327514f]" started-at="2025-10-23T11:22:57 AKDT" name="verifyAccountWelcomeText" finished-at="2025-10-23T11:22:57 AKDT" depends-on-methods="com.itg.training.lancome.FirstSeleniumTest.verifyUserLoggedIn" duration-ms="0" status="SKIP">
          <exception class="java.lang.Throwable">
            <message>
              <![CDATA[Method com.itg.training.lancome.FirstSeleniumTest.verifyAccountWelcomeText() on instance com.itg.training.lancome.FirstSeleniumTest@327514f depends on not successfully finished methods 
[com.itg.training.lancome.FirstSeleniumTest.verifyUserLoggedIn() on instance com.itg.training.lancome.FirstSeleniumTest@327514f]]]>
            </message>
            <full-stacktrace>
              <![CDATA[java.lang.Throwable: Method com.itg.training.lancome.FirstSeleniumTest.verifyAccountWelcomeText() on instance com.itg.training.lancome.FirstSeleniumTest@327514f depends on not successfully finished methods 
[com.itg.training.lancome.FirstSeleniumTest.verifyUserLoggedIn() on instance com.itg.training.lancome.FirstSeleniumTest@327514f]
at org.testng.internal.invokers.TestInvoker.invokeTestMethods(TestInvoker.java:159)
at org.testng.internal.invokers.TestMethodWorker.invokeTestMethods(TestMethodWorker.java:154)
at org.testng.internal.invokers.TestMethodWorker.run(TestMethodWorker.java:134)
at java.base/java.util.ArrayList.forEach(ArrayList.java:1596)
at org.testng.TestRunner.privateRun(TestRunner.java:739)
at org.testng.TestRunner.run(TestRunner.java:614)
at org.testng.SuiteRunner.runTest(SuiteRunner.java:421)
at org.testng.SuiteRunner.runSequentially(SuiteRunner.java:413)
at org.testng.SuiteRunner.privateRun(SuiteRunner.java:373)
at org.testng.SuiteRunner.run(SuiteRunner.java:312)
at org.testng.SuiteRunnerWorker.runSuite(SuiteRunnerWorker.java:52)
at org.testng.SuiteRunnerWorker.run(SuiteRunnerWorker.java:95)
at org.testng.TestNG.runSuitesSequentially(TestNG.java:1274)
at org.testng.TestNG.runSuitesLocally(TestNG.java:1208)
at org.testng.TestNG.runSuites(TestNG.java:1112)
at org.testng.TestNG.run(TestNG.java:1079)
at org.testng.remote.AbstractRemoteTestNG.run(AbstractRemoteTestNG.java:115)
at org.testng.remote.RemoteTestNG.initAndRun(RemoteTestNG.java:293)
at org.testng.remote.RemoteTestNG.main(RemoteTestNG.java:91)
]]>
            </full-stacktrace>
          </exception> <!-- java.lang.Throwable -->
          <reporter-output>
          </reporter-output>
        </test-method> <!-- verifyAccountWelcomeText -->
        <test-method is-config="true" signature="tearDown()[pri:0, instance:com.itg.training.lancome.FirstSeleniumTest@327514f]" started-at="2025-10-23T11:22:57 AKDT" name="tearDown" finished-at="2025-10-23T11:22:58 AKDT" duration-ms="1400" status="PASS">
          <reporter-output>
          </reporter-output>
        </test-method> <!-- tearDown -->
      </class> <!-- com.itg.training.lancome.FirstSeleniumTest -->
    </test> <!-- Smoke Tests -->
  </suite> <!-- Lancome Selenium Suite -->
</testng-results>
