<?xml version="1.0" encoding="UTF-8"?>
<testng-results ignored="0" total="2" passed="2" failed="0" skipped="0">
  <reporter-output>
  </reporter-output>
  <suite started-at="2025-10-20T14:02:20 PDT" name="Lancome Selenium Suite" finished-at="2025-10-20T14:02:31 PDT" duration-ms="11145">
    <groups>
    </groups>
    <test started-at="2025-10-20T14:02:20 PDT" name="Smoke Tests" finished-at="2025-10-20T14:02:31 PDT" duration-ms="11145">
      <class name="com.itg.training.lancome.FirstSeleniumTest">
        <test-method is-config="true" signature="setup(java.lang.String,java.lang.String)[pri:0, instance:com.itg.training.lancome.FirstSeleniumTest@36ebc363]" started-at="2025-10-20T14:02:20 PDT" name="setup" finished-at="2025-10-20T14:02:28 PDT" duration-ms="7238" status="PASS">
          <params>
            <param index="0">
              <value>
                <![CDATA[C:\\Drivers\\chromedriver.exe]]>
              </value>
            </param>
            <param index="1">
              <value>
                <![CDATA[https://certwcs.ballarddesigns.com/?aka_bypass=5C73514EE7A609054D81DE61DD9CA3D6]]>
              </value>
            </param>
          </params>
          <reporter-output>
          </reporter-output>
        </test-method> <!-- setup -->
        <test-method signature="verifyLogo()[pri:1, instance:com.itg.training.lancome.FirstSeleniumTest@36ebc363]" started-at="2025-10-20T14:02:28 PDT" name="verifyLogo" finished-at="2025-10-20T14:02:28 PDT" duration-ms="123" status="PASS">
          <reporter-output>
          </reporter-output>
        </test-method> <!-- verifyLogo -->
        <test-method signature="clickAccountIconAndVerifyWelcome()[pri:2, instance:com.itg.training.lancome.FirstSeleniumTest@36ebc363]" started-at="2025-10-20T14:02:28 PDT" name="clickAccountIconAndVerifyWelcome" finished-at="2025-10-20T14:02:31 PDT" depends-on-methods="com.itg.training.lancome.FirstSeleniumTest.verifyLogo" duration-ms="3449" status="PASS">
          <reporter-output>
          </reporter-output>
        </test-method> <!-- clickAccountIconAndVerifyWelcome -->
        <test-method is-config="true" signature="tearDown()[pri:0, instance:com.itg.training.lancome.FirstSeleniumTest@36ebc363]" started-at="2025-10-20T14:02:31 PDT" name="tearDown" finished-at="2025-10-20T14:02:31 PDT" duration-ms="267" status="PASS">
          <reporter-output>
          </reporter-output>
        </test-method> <!-- tearDown -->
      </class> <!-- com.itg.training.lancome.FirstSeleniumTest -->
    </test> <!-- Smoke Tests -->
  </suite> <!-- Lancome Selenium Suite -->
</testng-results>
